<?xml version="1.0" encoding="UTF-8"?>
<!-- Generated by org.testng.reporters.JUnitXMLReporter -->
<testsuite ignored="0" hostname="DESKTOP-J47KP1R" failures="0" tests="2" name="Test" time="31.656" errors="0" timestamp="26 Jun 2024 06:30:56 GMT">
  <testcase classname="com.orangehrm.app.testCases.MyinfoAddDepndencies" name="validateAddDependencies" time="14.024"/>
  <testcase classname="com.orangehrm.app.testCases.MyinfoAddDepndencies" name="validateAddDependencies" time="14.311"/>
</testsuite> <!-- Test -->
