<?xml version="1.0" encoding="UTF-8"?>
<testng-results ignored="0" total="2" passed="2" failed="0" skipped="0">
  <reporter-output>
  </reporter-output>
  <suite started-at="2024-06-26T06:33:10Z" name="Suite" finished-at="2024-06-26T06:33:42Z" duration-ms="31863">
    <groups>
    </groups>
    <test started-at="2024-06-26T06:33:10Z" name="Test" finished-at="2024-06-26T06:33:42Z" duration-ms="31863">
      <class name="com.orangehrm.app.testCases.MyinfoAddDepndencies">
        <test-method is-config="true" signature="setUp(java.lang.String)[pri:0, instance:com.orangehrm.app.testCases.MyinfoAddDepndencies@2f67b837]" started-at="2024-06-26T06:32:58Z" name="setUp" finished-at="2024-06-26T06:33:10Z" duration-ms="11533" status="PASS">
          <params>
            <param index="0">
              <value>
                <![CDATA[Edge]]>
              </value>
            </param>
          </params>
          <reporter-output>
          </reporter-output>
        </test-method> <!-- setUp -->
        <test-method signature="validateAddDependencies(java.lang.String, java.lang.String, java.lang.String)[pri:0, instance:com.orangehrm.app.testCases.MyinfoAddDepndencies@2f67b837]" started-at="2024-06-26T06:33:12Z" name="validateAddDependencies" data-provider="LoginData" finished-at="2024-06-26T06:33:26Z" duration-ms="14674" status="PASS">
          <params>
            <param index="0">
              <value>
                <![CDATA[XYZ]]>
              </value>
            </param>
            <param index="1">
              <value>
                <![CDATA[Child]]>
              </value>
            </param>
            <param index="2">
              <value>
                <![CDATA[2022-14-05]]>
              </value>
            </param>
          </params>
          <reporter-output>
          </reporter-output>
        </test-method> <!-- validateAddDependencies -->
        <test-method is-config="true" signature="extenrWriting()[pri:0, instance:com.orangehrm.app.testCases.MyinfoAddDepndencies@2f67b837]" started-at="2024-06-26T06:33:26Z" name="extenrWriting" finished-at="2024-06-26T06:33:27Z" duration-ms="881" status="PASS">
          <reporter-output>
          </reporter-output>
        </test-method> <!-- extenrWriting -->
        <test-method signature="validateAddDependencies(java.lang.String, java.lang.String, java.lang.String)[pri:0, instance:com.orangehrm.app.testCases.MyinfoAddDepndencies@2f67b837]" started-at="2024-06-26T06:33:27Z" name="validateAddDependencies" data-provider="LoginData" finished-at="2024-06-26T06:33:41Z" duration-ms="14222" status="PASS">
          <params>
            <param index="0">
              <value>
                <![CDATA[BCD]]>
              </value>
            </param>
            <param index="1">
              <value>
                <![CDATA[Other]]>
              </value>
            </param>
            <param index="2">
              <value>
                <![CDATA[2021-14-07]]>
              </value>
            </param>
          </params>
          <reporter-output>
          </reporter-output>
        </test-method> <!-- validateAddDependencies -->
        <test-method is-config="true" signature="extenrWriting()[pri:0, instance:com.orangehrm.app.testCases.MyinfoAddDepndencies@2f67b837]" started-at="2024-06-26T06:33:41Z" name="extenrWriting" finished-at="2024-06-26T06:33:42Z" duration-ms="150" status="PASS">
          <reporter-output>
          </reporter-output>
        </test-method> <!-- extenrWriting -->
        <test-method is-config="true" signature="tearDown()[pri:0, instance:com.orangehrm.app.testCases.MyinfoAddDepndencies@2f67b837]" started-at="2024-06-26T06:33:42Z" name="tearDown" finished-at="2024-06-26T06:33:42Z" duration-ms="491" status="PASS">
          <reporter-output>
          </reporter-output>
        </test-method> <!-- tearDown -->
      </class> <!-- com.orangehrm.app.testCases.MyinfoAddDepndencies -->
    </test> <!-- Test -->
  </suite> <!-- Suite -->
</testng-results>
