<?xml version="1.0" encoding="UTF-8"?>
<testng-results ignored="0" total="1" passed="1" failed="0" skipped="0">
  <reporter-output>
  </reporter-output>
  <suite started-at="2024-06-24T04:06:51Z" name="Default suite" finished-at="2024-06-24T04:06:54Z" duration-ms="2447">
    <groups>
    </groups>
    <test started-at="2024-06-24T04:06:51Z" name="Default test" finished-at="2024-06-24T04:06:54Z" duration-ms="2447">
      <class name="com.orangehrm.app.testCases.LoginPageTC_001">
        <test-method is-config="true" signature="setUp()[pri:0, instance:com.orangehrm.app.testCases.LoginPageTC_001@265adfad]" started-at="2024-06-24T04:06:40Z" name="setUp" finished-at="2024-06-24T04:06:51Z" duration-ms="11936" status="PASS">
          <reporter-output>
          </reporter-output>
        </test-method> <!-- setUp -->
        <test-method signature="loginValidation()[pri:0, instance:com.orangehrm.app.testCases.LoginPageTC_001@265adfad]" started-at="2024-06-24T04:06:52Z" name="loginValidation" finished-at="2024-06-24T04:06:54Z" duration-ms="2409" status="PASS">
          <reporter-output>
          </reporter-output>
        </test-method> <!-- loginValidation -->
        <test-method is-config="true" signature="tearDown()[pri:0, instance:com.orangehrm.app.testCases.LoginPageTC_001@265adfad]" started-at="2024-06-24T04:06:54Z" name="tearDown" finished-at="2024-06-24T04:06:54Z" duration-ms="1" status="PASS">
          <reporter-output>
          </reporter-output>
        </test-method> <!-- tearDown -->
      </class> <!-- com.orangehrm.app.testCases.LoginPageTC_001 -->
    </test> <!-- Default test -->
  </suite> <!-- Default suite -->
</testng-results>
